# JRE version: Java(TM) SE Runtime Environment (8.0_45-b15) (build 1.8.0_45-b15)
# Java VM: Java HotSpot(TM) Client VM (25.45-b02 mixed mode windows-x86 )
Heap:
 def new generation   total 17856K, used 14281K [0x04800000, 0x05b60000, 0x09d50000)
  eden space 15872K,  79% used [0x04800000, 0x05448b28, 0x05780000)
  from space 1984K,  85% used [0x05780000, 0x05929c60, 0x05970000)
  to   space 1984K,   0% used [0x05970000, 0x05970000, 0x05b60000)
 tenured generation   total 39632K, used 31977K [0x09d50000, 0x0c404000, 0x14800000)
   the space 39632K,  80% used [0x09d50000, 0x0bc8a648, 0x0bc8a800, 0x0c404000)
 Metaspace       used 7914K, capacity 8093K, committed 8192K, reserved 8576K
GC Heap History (10 events):
Event: 4.374 GC heap before
{Heap before GC invocations=9 (full 3):
 def new generation   total 9664K, used 8640K [0x04800000, 0x05270000, 0x09d50000)
  eden space 8640K, 100% used [0x04800000, 0x05070000, 0x05070000)
  from space 1024K,   0% used [0x05070000, 0x05070000, 0x05170000)
  to   space 1024K,   0% used [0x05170000, 0x05170000, 0x05270000)
 tenured generation   total 37616K, used 28718K [0x09d50000, 0x0c20c000, 0x14800000)
   the space 37616K,  76% used [0x09d50000, 0x0b95bb98, 0x0b95bc00, 0x0c20c000)
 Metaspace       used 7818K, capacity 7997K, committed 8064K, reserved 8576K
Event: 4.376 GC heap after
Heap after GC invocations=10 (full 3):
 def new generation   total 9664K, used 1K [0x04800000, 0x05270000, 0x09d50000)
  eden space 8640K,   0% used [0x04800000, 0x04800000, 0x05070000)
  from space 1024K,   0% used [0x05170000, 0x051704d8, 0x05270000)
  to   space 1024K,   0% used [0x05070000, 0x05070000, 0x05170000)
 tenured generation   total 37616K, used 30766K [0x09d50000, 0x0c20c000, 0x14800000)
   the space 37616K,  81% used [0x09d50000, 0x0bb5bba8, 0x0bb5bc00, 0x0c20c000)
 Metaspace       used 7818K, capacity 7997K, committed 8064K, reserved 8576K
}
Event: 4.807 GC heap before
{Heap before GC invocations=10 (full 3):
 def new generation   total 9664K, used 8641K [0x04800000, 0x05270000, 0x09d50000)
  eden space 8640K,  99% used [0x04800000, 0x0506ff50, 0x05070000)
  from space 1024K,   0% used [0x05170000, 0x051704d8, 0x05270000)
  to   space 1024K,   0% used [0x05070000, 0x05070000, 0x05170000)
 tenured generation   total 37616K, used 30766K [0x09d50000, 0x0c20c000, 0x14800000)
   the space 37616K,  81% used [0x09d50000, 0x0bb5bba8, 0x0bb5bc00, 0x0c20c000)
 Metaspace       used 7819K, capacity 7997K, committed 8064K, reserved 8576K
Event: 4.814 GC heap after
Heap after GC invocations=11 (full 3):
 def new generation   total 9664K, used 2K [0x04800000, 0x05270000, 0x09d50000)
  eden space 8640K,   0% used [0x04800000, 0x04800000, 0x05070000)
  from space 1024K,   0% used [0x05070000, 0x05070968, 0x05170000)
  to   space 1024K,   0% used [0x05170000, 0x05170000, 0x05270000)
 tenured generation   total 37616K, used 35886K [0x09d50000, 0x0c20c000, 0x14800000)
   the space 37616K,  95% used [0x09d50000, 0x0c05bbc8, 0x0c05bc00, 0x0c20c000)
 Metaspace       used 7819K, capacity 7997K, committed 8064K, reserved 8576K
}
Event: 4.832 GC heap before
{Heap before GC invocations=11 (full 3):
 def new generation   total 9664K, used 8642K [0x04800000, 0x05270000, 0x09d50000)
  eden space 8640K, 100% used [0x04800000, 0x05070000, 0x05070000)
  from space 1024K,   0% used [0x05070000, 0x05070968, 0x05170000)
  to   space 1024K,   0% used [0x05170000, 0x05170000, 0x05270000)
 tenured generation   total 37616K, used 35886K [0x09d50000, 0x0c20c000, 0x14800000)
   the space 37616K,  95% used [0x09d50000, 0x0c05bbc8, 0x0c05bc00, 0x0c20c000)
 Metaspace       used 7819K, capacity 7997K, committed 8064K, reserved 8576K
Event: 4.872 GC heap after
Heap after GC invocations=12 (full 4):
 def new generation   total 17856K, used 0K [0x04800000, 0x05b60000, 0x09d50000)
  eden space 15872K,   0% used [0x04800000, 0x04800000, 0x05780000)
  from space 1984K,   0% used [0x05780000, 0x05780000, 0x05970000)
  to   space 1984K,   0% used [0x05970000, 0x05970000, 0x05b60000)
 tenured generation   total 39632K, used 23777K [0x09d50000, 0x0c404000, 0x14800000)
   the space 39632K,  59% used [0x09d50000, 0x0b488768, 0x0b488800, 0x0c404000)
 Metaspace       used 7819K, capacity 7997K, committed 8064K, reserved 8576K
}
Event: 4.905 GC heap before
{Heap before GC invocations=12 (full 4):
 def new generation   total 17856K, used 13800K [0x04800000, 0x05b60000, 0x09d50000)
  eden space 15872K,  86% used [0x04800000, 0x0557a318, 0x05780000)
  from space 1984K,   0% used [0x05780000, 0x05780000, 0x05970000)
  to   space 1984K,   0% used [0x05970000, 0x05970000, 0x05b60000)
 tenured generation   total 39632K, used 23777K [0x09d50000, 0x0c404000, 0x14800000)
   the space 39632K,  59% used [0x09d50000, 0x0b488768, 0x0b488800, 0x0c404000)
 Metaspace       used 7819K, capacity 7997K, committed 8064K, reserved 8576K
Event: 4.932 GC heap after
Heap after GC invocations=13 (full 5):
 def new generation   total 17856K, used 0K [0x04800000, 0x05b60000, 0x09d50000)
  eden space 15872K,   0% used [0x04800000, 0x04800000, 0x05780000)
  from space 1984K,   0% used [0x05970000, 0x05970000, 0x05b60000)
  to   space 1984K,   0% used [0x05780000, 0x05780000, 0x05970000)
 tenured generation   total 39632K, used 11497K [0x09d50000, 0x0c404000, 0x14800000)
   the space 39632K,  29% used [0x09d50000, 0x0a88a628, 0x0a88a800, 0x0c404000)
 Metaspace       used 7819K, capacity 7997K, committed 8064K, reserved 8576K
}
Event: 6.010 GC heap before
{Heap before GC invocations=13 (full 5):
 def new generation   total 17856K, used 15872K [0x04800000, 0x05b60000, 0x09d50000)
  eden space 15872K, 100% used [0x04800000, 0x05780000, 0x05780000)
  from space 1984K,   0% used [0x05970000, 0x05970000, 0x05b60000)
  to   space 1984K,   0% used [0x05780000, 0x05780000, 0x05970000)
 tenured generation   total 39632K, used 27881K [0x09d50000, 0x0c404000, 0x14800000)
   the space 39632K,  70% used [0x09d50000, 0x0b88a638, 0x0b88a800, 0x0c404000)
 Metaspace       used 7847K, capacity 8029K, committed 8192K, reserved 8576K
Event: 6.019 GC heap after
Heap after GC invocations=14 (full 5):
 def new generation   total 17856K, used 1703K [0x04800000, 0x05b60000, 0x09d50000)
  eden space 15872K,   0% used [0x04800000, 0x04800000, 0x05780000)
  from space 1984K,  85% used [0x05780000, 0x05929c60, 0x05970000)
  to   space 1984K,   0% used [0x05970000, 0x05970000, 0x05b60000)
 tenured generation   total 39632K, used 31977K [0x09d50000, 0x0c404000, 0x14800000)
   the space 39632K,  80% used [0x09d50000, 0x0bc8a648, 0x0bc8a800, 0x0c404000)
 Metaspace       used 7847K, capacity 8029K, committed 8192K, reserved 8576K
}

